Arguments: 
  /usr/local/bin/node /usr/local/bin/yarn add @types/ndoe

PATH: 
  /Users/farrisismati/miniconda3/bin:/Users/farrisismati/miniconda3/condabin:/Users/farrisismati/.pyenv/shims:/usr/local/bin:/usr/bin:/bin:/usr/sbin:/sbin:/Users/farrisismati/.local/bin:/Users/farrisismati/.local/bin

Yarn version: 
  1.22.4

Node version: 
  16.18.0

Platform: 
  darwin x64

Trace: 
  Error: https://registry.yarnpkg.com/@types%2fndoe: Not found
      at Request.params.callback [as _callback] (/usr/local/lib/node_modules/yarn/lib/cli.js:66987:18)
      at Request.self.callback (/usr/local/lib/node_modules/yarn/lib/cli.js:140748:22)
      at Request.emit (node:events:513:28)
      at Request.<anonymous> (/usr/local/lib/node_modules/yarn/lib/cli.js:141720:10)
      at Request.emit (node:events:513:28)
      at IncomingMessage.<anonymous> (/usr/local/lib/node_modules/yarn/lib/cli.js:141642:12)
      at Object.onceWrapper (node:events:627:28)
      at IncomingMessage.emit (node:events:525:35)
      at endReadableNT (node:internal/streams/readable:1358:12)
      at processTicksAndRejections (node:internal/process/task_queues:83:21)

npm manifest: 
  {
    "name": "websocket",
    "version": "1.0.0",
    "description": "IDK what costs money here",
    "main": "index.js",
    "repository": {
      "type": "git",
      "url": "git+https://github.com/FarrisIsmati/udemy-vendor-websocket.git"
    },
    "author": "",
    "license": "ISC",
    "bugs": {
      "url": "https://github.com/FarrisIsmati/udemy-vendor-websocket/issues"
    },
    "homepage": "https://github.com/FarrisIsmati/udemy-vendor-websocket#readme",
    "dependencies": {
      "@types/aws-lambda": "^8.10.108"
    }
  }

yarn manifest: 
  No manifest

Lockfile: 
  # THIS IS AN AUTOGENERATED FILE. DO NOT EDIT THIS FILE DIRECTLY.
  # yarn lockfile v1
  
  
  "@gar/promisify@^1.0.1":
    "version" "1.1.3"
  
  "@npmcli/fs@^1.0.0":
    "version" "1.1.1"
    dependencies:
      "@gar/promisify" "^1.0.1"
      "semver" "^7.3.5"
  
  "@npmcli/move-file@^1.0.1":
    "version" "1.1.2"
    dependencies:
      "mkdirp" "^1.0.4"
      "rimraf" "^3.0.2"
  
  "@tootallnate/once@1":
    "version" "1.1.2"
  
  "@types/aws-lambda@^8.10.108":
    "integrity" "sha512-1yh1W1WoqK3lGHy+V/Fi55zobxrDHUUsluCWdMlOXkCvtsCmHPXOG+CQ2STIL4B1g6xi6I6XzxaF8V9+zeIFLA=="
    "resolved" "https://registry.npmjs.org/@types/aws-lambda/-/aws-lambda-8.10.108.tgz"
    "version" "8.10.108"
  
  "abbrev@1":
    "version" "1.1.1"
  
  "agent-base@^6.0.2", "agent-base@6":
    "version" "6.0.2"
    dependencies:
      "debug" "4"
  
  "agentkeepalive@^4.1.3":
    "version" "4.2.1"
    dependencies:
      "debug" "^4.1.0"
      "depd" "^1.1.2"
      "humanize-ms" "^1.2.1"
  
  "aggregate-error@^3.0.0":
    "version" "3.1.0"
    dependencies:
      "clean-stack" "^2.0.0"
      "indent-string" "^4.0.0"
  
  "ansi-regex@^2.0.0":
    "version" "2.1.1"
  
  "ansi-regex@^5.0.1":
    "version" "5.0.1"
  
  "aproba@^1.0.3":
    "version" "1.2.0"
  
  "are-we-there-yet@~1.1.2":
    "version" "1.1.7"
    dependencies:
      "delegates" "^1.0.0"
      "readable-stream" "^2.0.6"
  
  "argparse@^1.0.7":
    "integrity" "sha512-o5Roy6tNG4SL/FOkCAN6RzjiakZS25RLYFrcMttJqbdd8BWrnA+fGz57iN5Pb06pvBGvl5gQ0B48dJlslXvoTg=="
    "resolved" "https://registry.npmjs.org/argparse/-/argparse-1.0.10.tgz"
    "version" "1.0.10"
    dependencies:
      "sprintf-js" "~1.0.2"
  
  "available-typed-arrays@^1.0.5":
    "integrity" "sha512-DMD0KiN46eipeziST1LPP/STfDU0sufISXmjSgvVsoU2tqxctQeASejWcfNtxYKqETM1UxQ8sp2OrSBWpHY6sw=="
    "resolved" "https://registry.npmjs.org/available-typed-arrays/-/available-typed-arrays-1.0.5.tgz"
    "version" "1.0.5"
  
  "aws-lambda-ric@^2.0.0":
    "integrity" "sha512-sLumfzrns/Kioi2EqNcel1S8uucB274WkVNS7zHD98jVcUcRyWqlt4OtES5+GKazlIJIx4exE3cvAD77b37diQ=="
    "resolved" "https://registry.npmjs.org/aws-lambda-ric/-/aws-lambda-ric-2.0.0.tgz"
    "version" "2.0.0"
    dependencies:
      "node-addon-api" "3.2.1"
      "node-gyp" "8.1.0"
  
  "aws-lambda@^1.0.7":
    "integrity" "sha512-9GNFMRrEMG5y3Jvv+V4azWvc+qNWdWLTjDdhf/zgMlz8haaaLWv0xeAIWxz9PuWUBawsVxy0zZotjCdR3Xq+2w=="
    "resolved" "https://registry.npmjs.org/aws-lambda/-/aws-lambda-1.0.7.tgz"
    "version" "1.0.7"
    dependencies:
      "aws-sdk" "^2.814.0"
      "commander" "^3.0.2"
      "js-yaml" "^3.14.1"
      "watchpack" "^2.0.0-beta.10"
  
  "aws-sdk@^2.814.0":
    "integrity" "sha512-SNfKIVlJdLyBbUSGgvsBOuV4iOE1modoKOhnV/bIi2F7DJkq4SCPmrN1nwLNBnOQQvZRlPwFbHPVrJ3clTXLDQ=="
    "resolved" "https://registry.npmjs.org/aws-sdk/-/aws-sdk-2.1257.0.tgz"
    "version" "2.1257.0"
    dependencies:
      "buffer" "4.9.2"
      "events" "1.1.1"
      "ieee754" "1.1.13"
      "jmespath" "0.16.0"
      "querystring" "0.2.0"
      "sax" "1.2.1"
      "url" "0.10.3"
      "util" "^0.12.4"
      "uuid" "8.0.0"
      "xml2js" "0.4.19"
  
  "balanced-match@^1.0.0":
    "version" "1.0.2"
  
  "base64-js@^1.0.2":
    "integrity" "sha512-AKpaYlHn8t4SVbOHCy+b5+KKgvR4vrsD8vbvrbiQJps7fKDTkjkDry6ji0rUJjC0kzbNePLwzxq8iypo41qeWA=="
    "resolved" "https://registry.npmjs.org/base64-js/-/base64-js-1.5.1.tgz"
    "version" "1.5.1"
  
  "brace-expansion@^1.1.7":
    "version" "1.1.11"
    dependencies:
      "balanced-match" "^1.0.0"
      "concat-map" "0.0.1"
  
  "buffer@4.9.2":
    "integrity" "sha512-xq+q3SRMOxGivLhBNaUdC64hDTQwejJ+H0T/NB1XMtTVEwNTrfFF3gAxiyW0Bu/xWEGhjVKgUcMhCrUy2+uCWg=="
    "resolved" "https://registry.npmjs.org/buffer/-/buffer-4.9.2.tgz"
    "version" "4.9.2"
    dependencies:
      "base64-js" "^1.0.2"
      "ieee754" "^1.1.4"
      "isarray" "^1.0.0"
  
  "cacache@^15.0.5":
    "version" "15.3.0"
    dependencies:
      "@npmcli/fs" "^1.0.0"
      "@npmcli/move-file" "^1.0.1"
      "chownr" "^2.0.0"
      "fs-minipass" "^2.0.0"
      "glob" "^7.1.4"
      "infer-owner" "^1.0.4"
      "lru-cache" "^6.0.0"
      "minipass" "^3.1.1"
      "minipass-collect" "^1.0.2"
      "minipass-flush" "^1.0.5"
      "minipass-pipeline" "^1.2.2"
      "mkdirp" "^1.0.3"
      "p-map" "^4.0.0"
      "promise-inflight" "^1.0.1"
      "rimraf" "^3.0.2"
      "ssri" "^8.0.1"
      "tar" "^6.0.2"
      "unique-filename" "^1.1.1"
  
  "call-bind@^1.0.2":
    "integrity" "sha512-7O+FbCihrB5WGbFYesctwmTKae6rOiIzmz1icreWJ+0aA7LJfuqhEso2T9ncpcFtzMQtzXf2QGGueWJGTYsqrA=="
    "resolved" "https://registry.npmjs.org/call-bind/-/call-bind-1.0.2.tgz"
    "version" "1.0.2"
    dependencies:
      "function-bind" "^1.1.1"
      "get-intrinsic" "^1.0.2"
  
  "chownr@^2.0.0":
    "version" "2.0.0"
  
  "clean-stack@^2.0.0":
    "version" "2.2.0"
  
  "code-point-at@^1.0.0":
    "version" "1.1.0"
  
  "commander@^3.0.2":
    "integrity" "sha512-Gar0ASD4BDyKC4hl4DwHqDrmvjoxWKZigVnAbn5H1owvm4CxCPdb0HQDehwNYMJpla5+M2tPmPARzhtYuwpHow=="
    "resolved" "https://registry.npmjs.org/commander/-/commander-3.0.2.tgz"
    "version" "3.0.2"
  
  "concat-map@0.0.1":
    "version" "0.0.1"
  
  "console-control-strings@^1.0.0", "console-control-strings@~1.1.0":
    "version" "1.1.0"
  
  "core-util-is@~1.0.0":
    "version" "1.0.3"
  
  "debug@^4.1.0", "debug@4":
    "version" "4.3.4"
    dependencies:
      "ms" "2.1.2"
  
  "delegates@^1.0.0":
    "version" "1.0.0"
  
  "depd@^1.1.2":
    "version" "1.1.2"
  
  "emoji-regex@^8.0.0":
    "version" "8.0.0"
  
  "encoding@^0.1.12":
    "version" "0.1.13"
    dependencies:
      "iconv-lite" "^0.6.2"
  
  "env-paths@^2.2.0":
    "version" "2.2.1"
  
  "err-code@^2.0.2":
    "version" "2.0.3"
  
  "esprima@^4.0.0":
    "integrity" "sha512-eGuFFw7Upda+g4p+QHvnW0RyTX/SVeJBDM/gCtMARO0cLuT2HcEKnTPvhjV6aGeqrCB/sbNop0Kszm0jsaWU4A=="
    "resolved" "https://registry.npmjs.org/esprima/-/esprima-4.0.1.tgz"
    "version" "4.0.1"
  
  "events@1.1.1":
    "integrity" "sha512-kEcvvCBByWXGnZy6JUlgAp2gBIUjfCAV6P6TgT1/aaQKcmuAEC4OZTV1I4EWQLz2gxZw76atuVyvHhTxvi0Flw=="
    "resolved" "https://registry.npmjs.org/events/-/events-1.1.1.tgz"
    "version" "1.1.1"
  
  "for-each@^0.3.3":
    "integrity" "sha512-jqYfLp7mo9vIyQf8ykW2v7A+2N4QjeCeI5+Dz9XraiO1ign81wjiH7Fb9vSOWvQfNtmSa4H2RoQTrrXivdUZmw=="
    "resolved" "https://registry.npmjs.org/for-each/-/for-each-0.3.3.tgz"
    "version" "0.3.3"
    dependencies:
      "is-callable" "^1.1.3"
  
  "fs-minipass@^2.0.0":
    "version" "2.1.0"
    dependencies:
      "minipass" "^3.0.0"
  
  "fs.realpath@^1.0.0":
    "version" "1.0.0"
  
  "function-bind@^1.1.1":
    "integrity" "sha512-yIovAzMX49sF8Yl58fSCWJ5svSLuaibPxXQJFLmBObTuCr0Mf1KiPopGM9NiFjiYBCbfaa2Fh6breQ6ANVTI0A=="
    "resolved" "https://registry.npmjs.org/function-bind/-/function-bind-1.1.1.tgz"
    "version" "1.1.1"
  
  "gauge@~2.7.3":
    "version" "2.7.4"
    dependencies:
      "aproba" "^1.0.3"
      "console-control-strings" "^1.0.0"
      "has-unicode" "^2.0.0"
      "object-assign" "^4.1.0"
      "signal-exit" "^3.0.0"
      "string-width" "^1.0.1"
      "strip-ansi" "^3.0.1"
      "wide-align" "^1.1.0"
  
  "get-intrinsic@^1.0.2", "get-intrinsic@^1.1.3":
    "integrity" "sha512-QJVz1Tj7MS099PevUG5jvnt9tSkXN8K14dxQlikJuPt4uD9hHAHjLyLBiLR5zELelBdD9QNRAXZzsJx0WaDL9A=="
    "resolved" "https://registry.npmjs.org/get-intrinsic/-/get-intrinsic-1.1.3.tgz"
    "version" "1.1.3"
    dependencies:
      "function-bind" "^1.1.1"
      "has" "^1.0.3"
      "has-symbols" "^1.0.3"
  
  "glob-to-regexp@^0.4.1":
    "integrity" "sha512-lkX1HJXwyMcprw/5YUZc2s7DrpAiHB21/V+E1rHUrVNokkvB6bqMzT0VfV6/86ZNabt1k14YOIaT7nDvOX3Iiw=="
    "resolved" "https://registry.npmjs.org/glob-to-regexp/-/glob-to-regexp-0.4.1.tgz"
    "version" "0.4.1"
  
  "glob@^7.1.3", "glob@^7.1.4":
    "version" "7.2.3"
    dependencies:
      "fs.realpath" "^1.0.0"
      "inflight" "^1.0.4"
      "inherits" "2"
      "minimatch" "^3.1.1"
      "once" "^1.3.0"
      "path-is-absolute" "^1.0.0"
  
  "gopd@^1.0.1":
    "integrity" "sha512-d65bNlIadxvpb/A2abVdlqKqV563juRnZ1Wtk6s1sIR8uNsXR70xqIzVqxVf1eTqDunwT2MkczEeaezCKTZhwA=="
    "resolved" "https://registry.npmjs.org/gopd/-/gopd-1.0.1.tgz"
    "version" "1.0.1"
    dependencies:
      "get-intrinsic" "^1.1.3"
  
  "graceful-fs@^4.1.2", "graceful-fs@^4.2.6":
    "integrity" "sha512-9ByhssR2fPVsNZj478qUUbKfmL0+t5BDVyjShtyZZLiK7ZDAArFFfopyOTj0M05wE2tJPisA4iTnnXl2YoPvOA=="
    "resolved" "https://registry.npmjs.org/graceful-fs/-/graceful-fs-4.2.10.tgz"
    "version" "4.2.10"
  
  "has-symbols@^1.0.2", "has-symbols@^1.0.3":
    "integrity" "sha512-l3LCuF6MgDNwTDKkdYGEihYjt5pRPbEg46rtlmnSPlUbgmB8LOIrKJbYYFBSbnPaJexMKtiPO8hmeRjRz2Td+A=="
    "resolved" "https://registry.npmjs.org/has-symbols/-/has-symbols-1.0.3.tgz"
    "version" "1.0.3"
  
  "has-tostringtag@^1.0.0":
    "integrity" "sha512-kFjcSNhnlGV1kyoGk7OXKSawH5JOb/LzUc5w9B02hOTO0dfFRjbHQKvg1d6cf3HbeUmtU9VbbV3qzZ2Teh97WQ=="
    "resolved" "https://registry.npmjs.org/has-tostringtag/-/has-tostringtag-1.0.0.tgz"
    "version" "1.0.0"
    dependencies:
      "has-symbols" "^1.0.2"
  
  "has-unicode@^2.0.0":
    "version" "2.0.1"
  
  "has@^1.0.3":
    "integrity" "sha512-f2dvO0VU6Oej7RkWJGrehjbzMAjFp5/VKPp5tTpWIV4JHHZK1/BxbFRtf/siA2SWTe09caDmVtYYzWEIbBS4zw=="
    "resolved" "https://registry.npmjs.org/has/-/has-1.0.3.tgz"
    "version" "1.0.3"
    dependencies:
      "function-bind" "^1.1.1"
  
  "http-cache-semantics@^4.1.0":
    "version" "4.1.0"
  
  "http-proxy-agent@^4.0.1":
    "version" "4.0.1"
    dependencies:
      "@tootallnate/once" "1"
      "agent-base" "6"
      "debug" "4"
  
  "https-proxy-agent@^5.0.0":
    "version" "5.0.1"
    dependencies:
      "agent-base" "6"
      "debug" "4"
  
  "humanize-ms@^1.2.1":
    "version" "1.2.1"
    dependencies:
      "ms" "^2.0.0"
  
  "iconv-lite@^0.6.2":
    "version" "0.6.3"
    dependencies:
      "safer-buffer" ">= 2.1.2 < 3.0.0"
  
  "ieee754@^1.1.4":
    "integrity" "sha512-dcyqhDvX1C46lXZcVqCpK+FtMRQVdIMN6/Df5js2zouUsqG7I6sFxitIC+7KYK29KdXOLHdu9zL4sFnoVQnqaA=="
    "resolved" "https://registry.npmjs.org/ieee754/-/ieee754-1.2.1.tgz"
    "version" "1.2.1"
  
  "ieee754@1.1.13":
    "integrity" "sha512-4vf7I2LYV/HaWerSo3XmlMkp5eZ83i+/CDluXi/IGTs/O1sejBNhTtnxzmRZfvOUqj7lZjqHkeTvpgSFDlWZTg=="
    "resolved" "https://registry.npmjs.org/ieee754/-/ieee754-1.1.13.tgz"
    "version" "1.1.13"
  
  "imurmurhash@^0.1.4":
    "version" "0.1.4"
  
  "indent-string@^4.0.0":
    "version" "4.0.0"
  
  "infer-owner@^1.0.4":
    "version" "1.0.4"
  
  "inflight@^1.0.4":
    "version" "1.0.6"
    dependencies:
      "once" "^1.3.0"
      "wrappy" "1"
  
  "inherits@^2.0.3", "inherits@~2.0.3", "inherits@2":
    "integrity" "sha512-k/vGaX4/Yla3WzyMCvTQOXYeIHvqOKtnqBduzTHpzpQZzAskKMhZ2K+EnBiSM9zGSoIFeMpXKxa4dYeZIQqewQ=="
    "resolved" "https://registry.npmjs.org/inherits/-/inherits-2.0.4.tgz"
    "version" "2.0.4"
  
  "ip@^2.0.0":
    "version" "2.0.0"
  
  "is-arguments@^1.0.4":
    "integrity" "sha512-8Q7EARjzEnKpt/PCD7e1cgUS0a6X8u5tdSiMqXhojOdoV9TsMsiO+9VLC5vAmO8N7/GmXn7yjR8qnA6bVAEzfA=="
    "resolved" "https://registry.npmjs.org/is-arguments/-/is-arguments-1.1.1.tgz"
    "version" "1.1.1"
    dependencies:
      "call-bind" "^1.0.2"
      "has-tostringtag" "^1.0.0"
  
  "is-callable@^1.1.3":
    "integrity" "sha512-1BC0BVFhS/p0qtw6enp8e+8OD0UrK0oFLztSjNzhcKA3WDuJxxAPXzPuPtKkjEY9UUoEWlX/8fgKeu2S8i9JTA=="
    "resolved" "https://registry.npmjs.org/is-callable/-/is-callable-1.2.7.tgz"
    "version" "1.2.7"
  
  "is-fullwidth-code-point@^1.0.0":
    "version" "1.0.0"
    dependencies:
      "number-is-nan" "^1.0.0"
  
  "is-fullwidth-code-point@^3.0.0":
    "version" "3.0.0"
  
  "is-generator-function@^1.0.7":
    "integrity" "sha512-jsEjy9l3yiXEQ+PsXdmBwEPcOxaXWLspKdplFUVI9vq1iZgIekeC0L167qeu86czQaxed3q/Uzuw0swL0irL8A=="
    "resolved" "https://registry.npmjs.org/is-generator-function/-/is-generator-function-1.0.10.tgz"
    "version" "1.0.10"
    dependencies:
      "has-tostringtag" "^1.0.0"
  
  "is-lambda@^1.0.1":
    "version" "1.0.1"
  
  "is-typed-array@^1.1.10", "is-typed-array@^1.1.3":
    "integrity" "sha512-PJqgEHiWZvMpaFZ3uTc8kHPM4+4ADTlDniuQL7cU/UDA0Ql7F70yGfHph3cLNe+c9toaigv+DFzTJKhc2CtO6A=="
    "resolved" "https://registry.npmjs.org/is-typed-array/-/is-typed-array-1.1.10.tgz"
    "version" "1.1.10"
    dependencies:
      "available-typed-arrays" "^1.0.5"
      "call-bind" "^1.0.2"
      "for-each" "^0.3.3"
      "gopd" "^1.0.1"
      "has-tostringtag" "^1.0.0"
  
  "isarray@^1.0.0", "isarray@~1.0.0":
    "integrity" "sha512-VLghIWNM6ELQzo7zwmcg0NmTVyWKYjvIeM83yjp0wRDTmUnrM678fQbcKBo6n2CJEF0szoG//ytg+TKla89ALQ=="
    "resolved" "https://registry.npmjs.org/isarray/-/isarray-1.0.0.tgz"
    "version" "1.0.0"
  
  "isexe@^2.0.0":
    "version" "2.0.0"
  
  "jmespath@0.16.0":
    "integrity" "sha512-9FzQjJ7MATs1tSpnco1K6ayiYE3figslrXA72G2HQ/n76RzvYlofyi5QM+iX4YRs/pu3yzxlVQSST23+dMDknw=="
    "resolved" "https://registry.npmjs.org/jmespath/-/jmespath-0.16.0.tgz"
    "version" "0.16.0"
  
  "js-yaml@^3.14.1":
    "integrity" "sha512-okMH7OXXJ7YrN9Ok3/SXrnu4iX9yOk+25nqX4imS2npuvTYDmo/QEZoqwZkYaIDk3jVvBOTOIEgEhaLOynBS9g=="
    "resolved" "https://registry.npmjs.org/js-yaml/-/js-yaml-3.14.1.tgz"
    "version" "3.14.1"
    dependencies:
      "argparse" "^1.0.7"
      "esprima" "^4.0.0"
  
  "lru-cache@^6.0.0":
    "version" "6.0.0"
    dependencies:
      "yallist" "^4.0.0"
  
  "make-fetch-happen@^8.0.14":
    "version" "8.0.14"
    dependencies:
      "agentkeepalive" "^4.1.3"
      "cacache" "^15.0.5"
      "http-cache-semantics" "^4.1.0"
      "http-proxy-agent" "^4.0.1"
      "https-proxy-agent" "^5.0.0"
      "is-lambda" "^1.0.1"
      "lru-cache" "^6.0.0"
      "minipass" "^3.1.3"
      "minipass-collect" "^1.0.2"
      "minipass-fetch" "^1.3.2"
      "minipass-flush" "^1.0.5"
      "minipass-pipeline" "^1.2.4"
      "promise-retry" "^2.0.1"
      "socks-proxy-agent" "^5.0.0"
      "ssri" "^8.0.0"
  
  "minimatch@^3.1.1":
    "version" "3.1.2"
    dependencies:
      "brace-expansion" "^1.1.7"
  
  "minipass-collect@^1.0.2":
    "version" "1.0.2"
    dependencies:
      "minipass" "^3.0.0"
  
  "minipass-fetch@^1.3.2":
    "version" "1.4.1"
    dependencies:
      "minipass" "^3.1.0"
      "minipass-sized" "^1.0.3"
      "minizlib" "^2.0.0"
    optionalDependencies:
      "encoding" "^0.1.12"
  
  "minipass-flush@^1.0.5":
    "version" "1.0.5"
    dependencies:
      "minipass" "^3.0.0"
  
  "minipass-pipeline@^1.2.2", "minipass-pipeline@^1.2.4":
    "version" "1.2.4"
    dependencies:
      "minipass" "^3.0.0"
  
  "minipass-sized@^1.0.3":
    "version" "1.0.3"
    dependencies:
      "minipass" "^3.0.0"
  
  "minipass@^3.0.0", "minipass@^3.1.0", "minipass@^3.1.1", "minipass@^3.1.3":
    "version" "3.3.4"
    dependencies:
      "yallist" "^4.0.0"
  
  "minizlib@^2.0.0", "minizlib@^2.1.1":
    "version" "2.1.2"
    dependencies:
      "minipass" "^3.0.0"
      "yallist" "^4.0.0"
  
  "mkdirp@^1.0.3", "mkdirp@^1.0.4":
    "version" "1.0.4"
  
  "ms@^2.0.0":
    "version" "2.1.3"
  
  "ms@2.1.2":
    "version" "2.1.2"
  
  "node-addon-api@3.2.1":
    "version" "3.2.1"
  
  "node-gyp@8.1.0":
    "version" "8.1.0"
    dependencies:
      "env-paths" "^2.2.0"
      "glob" "^7.1.4"
      "graceful-fs" "^4.2.6"
      "make-fetch-happen" "^8.0.14"
      "nopt" "^5.0.0"
      "npmlog" "^4.1.2"
      "rimraf" "^3.0.2"
      "semver" "^7.3.5"
      "tar" "^6.1.0"
      "which" "^2.0.2"
  
  "nopt@^5.0.0":
    "version" "5.0.0"
    dependencies:
      "abbrev" "1"
  
  "npmlog@^4.1.2":
    "version" "4.1.2"
    dependencies:
      "are-we-there-yet" "~1.1.2"
      "console-control-strings" "~1.1.0"
      "gauge" "~2.7.3"
      "set-blocking" "~2.0.0"
  
  "number-is-nan@^1.0.0":
    "version" "1.0.1"
  
  "object-assign@^4.1.0":
    "version" "4.1.1"
  
  "once@^1.3.0":
    "version" "1.4.0"
    dependencies:
      "wrappy" "1"
  
  "p-map@^4.0.0":
    "version" "4.0.0"
    dependencies:
      "aggregate-error" "^3.0.0"
  
  "path-is-absolute@^1.0.0":
    "version" "1.0.1"
  
  "process-nextick-args@~2.0.0":
    "version" "2.0.1"
  
  "promise-inflight@^1.0.1":
    "version" "1.0.1"
  
  "promise-retry@^2.0.1":
    "version" "2.0.1"
    dependencies:
      "err-code" "^2.0.2"
      "retry" "^0.12.0"
  
  "punycode@1.3.2":
    "integrity" "sha512-RofWgt/7fL5wP1Y7fxE7/EmTLzQVnB0ycyibJ0OOHIlJqTNzglYFxVwETOcIoJqJmpDXJ9xImDv+Fq34F/d4Dw=="
    "resolved" "https://registry.npmjs.org/punycode/-/punycode-1.3.2.tgz"
    "version" "1.3.2"
  
  "querystring@0.2.0":
    "integrity" "sha512-X/xY82scca2tau62i9mDyU9K+I+djTMUsvwf7xnUX5GLvVzgJybOJf4Y6o9Zx3oJK/LSXg5tTZBjwzqVPaPO2g=="
    "resolved" "https://registry.npmjs.org/querystring/-/querystring-0.2.0.tgz"
    "version" "0.2.0"
  
  "readable-stream@^2.0.6":
    "version" "2.3.7"
    dependencies:
      "core-util-is" "~1.0.0"
      "inherits" "~2.0.3"
      "isarray" "~1.0.0"
      "process-nextick-args" "~2.0.0"
      "safe-buffer" "~5.1.1"
      "string_decoder" "~1.1.1"
      "util-deprecate" "~1.0.1"
  
  "retry@^0.12.0":
    "version" "0.12.0"
  
  "rimraf@^3.0.2":
    "version" "3.0.2"
    dependencies:
      "glob" "^7.1.3"
  
  "safe-buffer@~5.1.0", "safe-buffer@~5.1.1":
    "version" "5.1.2"
  
  "safer-buffer@>= 2.1.2 < 3.0.0":
    "version" "2.1.2"
  
  "sax@>=0.6.0":
    "integrity" "sha512-NqVDv9TpANUjFm0N8uM5GxL36UgKi9/atZw+x7YFnQ8ckwFGKrl4xX4yWtrey3UJm5nP1kUbnYgLopqWNSRhWw=="
    "resolved" "https://registry.npmjs.org/sax/-/sax-1.2.4.tgz"
    "version" "1.2.4"
  
  "sax@1.2.1":
    "integrity" "sha512-8I2a3LovHTOpm7NV5yOyO8IHqgVsfK4+UuySrXU8YXkSRX7k6hCV9b3HrkKCr3nMpgj+0bmocaJJWpvp1oc7ZA=="
    "resolved" "https://registry.npmjs.org/sax/-/sax-1.2.1.tgz"
    "version" "1.2.1"
  
  "semver@^7.3.5":
    "version" "7.3.8"
    dependencies:
      "lru-cache" "^6.0.0"
  
  "set-blocking@~2.0.0":
    "version" "2.0.0"
  
  "signal-exit@^3.0.0":
    "version" "3.0.7"
  
  "smart-buffer@^4.2.0":
    "version" "4.2.0"
  
  "socks-proxy-agent@^5.0.0":
    "version" "5.0.1"
    dependencies:
      "agent-base" "^6.0.2"
      "debug" "4"
      "socks" "^2.3.3"
  
  "socks@^2.3.3":
    "version" "2.7.1"
    dependencies:
      "ip" "^2.0.0"
      "smart-buffer" "^4.2.0"
  
  "sprintf-js@~1.0.2":
    "integrity" "sha512-D9cPgkvLlV3t3IzL0D0YLvGA9Ahk4PcvVwUbN0dSGr1aP0Nrt4AEnTUbuGvquEC0mA64Gqt1fzirlRs5ibXx8g=="
    "resolved" "https://registry.npmjs.org/sprintf-js/-/sprintf-js-1.0.3.tgz"
    "version" "1.0.3"
  
  "ssri@^8.0.0", "ssri@^8.0.1":
    "version" "8.0.1"
    dependencies:
      "minipass" "^3.1.1"
  
  "string_decoder@~1.1.1":
    "version" "1.1.1"
    dependencies:
      "safe-buffer" "~5.1.0"
  
  "string-width@^1.0.1":
    "version" "1.0.2"
    dependencies:
      "code-point-at" "^1.0.0"
      "is-fullwidth-code-point" "^1.0.0"
      "strip-ansi" "^3.0.0"
  
  "string-width@^1.0.2 || 2 || 3 || 4":
    "version" "4.2.3"
    dependencies:
      "emoji-regex" "^8.0.0"
      "is-fullwidth-code-point" "^3.0.0"
      "strip-ansi" "^6.0.1"
  
  "strip-ansi@^3.0.0", "strip-ansi@^3.0.1":
    "version" "3.0.1"
    dependencies:
      "ansi-regex" "^2.0.0"
  
  "strip-ansi@^6.0.1":
    "version" "6.0.1"
    dependencies:
      "ansi-regex" "^5.0.1"
  
  "tar@^6.0.2", "tar@^6.1.0":
    "version" "6.1.12"
    dependencies:
      "chownr" "^2.0.0"
      "fs-minipass" "^2.0.0"
      "minipass" "^3.0.0"
      "minizlib" "^2.1.1"
      "mkdirp" "^1.0.3"
      "yallist" "^4.0.0"
  
  "unique-filename@^1.1.1":
    "version" "1.1.1"
    dependencies:
      "unique-slug" "^2.0.0"
  
  "unique-slug@^2.0.0":
    "version" "2.0.2"
    dependencies:
      "imurmurhash" "^0.1.4"
  
  "url@0.10.3":
    "integrity" "sha512-hzSUW2q06EqL1gKM/a+obYHLIO6ct2hwPuviqTTOcfFVc61UbfJ2Q32+uGL/HCPxKqrdGB5QUwIe7UqlDgwsOQ=="
    "resolved" "https://registry.npmjs.org/url/-/url-0.10.3.tgz"
    "version" "0.10.3"
    dependencies:
      "punycode" "1.3.2"
      "querystring" "0.2.0"
  
  "util-deprecate@~1.0.1":
    "version" "1.0.2"
  
  "util@^0.12.4":
    "integrity" "sha512-kZf/K6hEIrWHI6XqOFUiiMa+79wE/D8Q+NCNAWclkyg3b4d2k7s0QGepNjiABc+aR3N1PAyHL7p6UcLY6LmrnA=="
    "resolved" "https://registry.npmjs.org/util/-/util-0.12.5.tgz"
    "version" "0.12.5"
    dependencies:
      "inherits" "^2.0.3"
      "is-arguments" "^1.0.4"
      "is-generator-function" "^1.0.7"
      "is-typed-array" "^1.1.3"
      "which-typed-array" "^1.1.2"
  
  "uuid@8.0.0":
    "integrity" "sha512-jOXGuXZAWdsTH7eZLtyXMqUb9EcWMGZNbL9YcGBJl4MH4nrxHmZJhEHvyLFrkxo+28uLb/NYRcStH48fnD0Vzw=="
    "resolved" "https://registry.npmjs.org/uuid/-/uuid-8.0.0.tgz"
    "version" "8.0.0"
  
  "watchpack@^2.0.0-beta.10":
    "integrity" "sha512-Lcvm7MGST/4fup+ifyKi2hjyIAwcdI4HRgtvTpIUxBRhB+RFtUh8XtDOxUfctVCnhVi+QQj49i91OyvzkJl6cg=="
    "resolved" "https://registry.npmjs.org/watchpack/-/watchpack-2.4.0.tgz"
    "version" "2.4.0"
    dependencies:
      "glob-to-regexp" "^0.4.1"
      "graceful-fs" "^4.1.2"
  
  "which-typed-array@^1.1.2":
    "integrity" "sha512-w9c4xkx6mPidwp7180ckYWfMmvxpjlZuIudNtDf4N/tTAUB8VJbX25qZoAsrtGuYNnGw3pa0AXgbGKRB8/EceA=="
    "resolved" "https://registry.npmjs.org/which-typed-array/-/which-typed-array-1.1.9.tgz"
    "version" "1.1.9"
    dependencies:
      "available-typed-arrays" "^1.0.5"
      "call-bind" "^1.0.2"
      "for-each" "^0.3.3"
      "gopd" "^1.0.1"
      "has-tostringtag" "^1.0.0"
      "is-typed-array" "^1.1.10"
  
  "which@^2.0.2":
    "version" "2.0.2"
    dependencies:
      "isexe" "^2.0.0"
  
  "wide-align@^1.1.0":
    "version" "1.1.5"
    dependencies:
      "string-width" "^1.0.2 || 2 || 3 || 4"
  
  "wrappy@1":
    "version" "1.0.2"
  
  "xml2js@0.4.19":
    "integrity" "sha512-esZnJZJOiJR9wWKMyuvSE1y6Dq5LCuJanqhxslH2bxM6duahNZ+HMpCLhBQGZkbX6xRf8x1Y2eJlgt2q3qo49Q=="
    "resolved" "https://registry.npmjs.org/xml2js/-/xml2js-0.4.19.tgz"
    "version" "0.4.19"
    dependencies:
      "sax" ">=0.6.0"
      "xmlbuilder" "~9.0.1"
  
  "xmlbuilder@~9.0.1":
    "integrity" "sha512-7YXTQc3P2l9+0rjaUbLwMKRhtmwg1M1eDf6nag7urC7pIPYLD9W/jmzQ4ptRSUbodw5S0jfoGTflLemQibSpeQ=="
    "resolved" "https://registry.npmjs.org/xmlbuilder/-/xmlbuilder-9.0.7.tgz"
    "version" "9.0.7"
  
  "yallist@^4.0.0":
    "version" "4.0.0"
